2018-09-25 06:48:45,195 [Worker-0: Loading available Gradle versions] INFO  c.g.t.t.d.PublishedGradleVersions - Gradle version information cache is not available. Remote download required.
2018-09-25 06:48:49,797 [Worker-0: Loading available Gradle versions] WARN  c.g.t.t.d.PublishedGradleVersions - Can't close stream after downloading published Gradle versions
javax.net.ssl.SSLException: Connection has been shutdown: javax.net.ssl.SSLException: java.net.SocketException: Connection reset
	at sun.security.ssl.SSLSocketImpl.checkEOF(SSLSocketImpl.java:1551) ~[na:1.8.0_181]
	at sun.security.ssl.AppInputStream.available(AppInputStream.java:60) ~[na:1.8.0_181]
	at java.io.BufferedInputStream.available(BufferedInputStream.java:410) ~[na:1.8.0_181]
	at sun.net.www.MeteredStream.available(MeteredStream.java:170) ~[na:1.8.0_181]
	at sun.net.www.http.KeepAliveStream.close(KeepAliveStream.java:85) ~[na:1.8.0_181]
	at java.io.FilterInputStream.close(FilterInputStream.java:181) ~[na:1.8.0_181]
	at sun.net.www.protocol.http.HttpURLConnection$HttpInputStream.close(HttpURLConnection.java:3466) ~[na:1.8.0_181]
	at sun.nio.cs.StreamDecoder.implClose(StreamDecoder.java:378) ~[na:1.8.0_181]
	at sun.nio.cs.StreamDecoder.close(StreamDecoder.java:193) ~[na:1.8.0_181]
	at java.io.InputStreamReader.close(InputStreamReader.java:199) ~[na:1.8.0_181]
	at com.google.common.io.Closeables.close(Closeables.java:77) ~[com.google.guava_15.0.0.v201403281430.jar:na]
	at com.gradleware.tooling.toolingutils.distribution.PublishedGradleVersions.downloadVersionInformation(PublishedGradleVersions.java:179) [com.gradleware.tooling.utils_0.19.4.v20171108133209.jar:na]
	at com.gradleware.tooling.toolingutils.distribution.PublishedGradleVersions.tryToDownloadAndCacheVersions(PublishedGradleVersions.java:159) [com.gradleware.tooling.utils_0.19.4.v20171108133209.jar:na]
	at com.gradleware.tooling.toolingutils.distribution.PublishedGradleVersions.create(PublishedGradleVersions.java:119) [com.gradleware.tooling.utils_0.19.4.v20171108133209.jar:na]
	at org.eclipse.buildship.core.util.gradle.PublishedGradleVersionsWrapper$LoadVersionsJob.run(PublishedGradleVersionsWrapper.java:66) [org.eclipse.buildship.core_2.2.1.v20180125-1441.jar:na]
	at org.eclipse.core.internal.jobs.Worker.run(Worker.java:63) [org.eclipse.core.jobs_3.10.100.v20180817-1215.jar:na]
Caused by: javax.net.ssl.SSLException: java.net.SocketException: Connection reset
	at sun.security.ssl.Alerts.getSSLException(Alerts.java:208) ~[na:1.8.0_181]
	at sun.security.ssl.SSLSocketImpl.fatal(SSLSocketImpl.java:1964) ~[na:1.8.0_181]
	at sun.security.ssl.SSLSocketImpl.fatal(SSLSocketImpl.java:1921) ~[na:1.8.0_181]
	at sun.security.ssl.SSLSocketImpl.handleException(SSLSocketImpl.java:1885) ~[na:1.8.0_181]
	at sun.security.ssl.SSLSocketImpl.handleException(SSLSocketImpl.java:1830) ~[na:1.8.0_181]
	at sun.security.ssl.AppInputStream.read(AppInputStream.java:116) ~[na:1.8.0_181]
	at java.io.BufferedInputStream.read1(BufferedInputStream.java:284) ~[na:1.8.0_181]
	at java.io.BufferedInputStream.read(BufferedInputStream.java:345) ~[na:1.8.0_181]
	at sun.net.www.MeteredStream.read(MeteredStream.java:134) ~[na:1.8.0_181]
	at java.io.FilterInputStream.read(FilterInputStream.java:133) ~[na:1.8.0_181]
	at sun.net.www.protocol.http.HttpURLConnection$HttpInputStream.read(HttpURLConnection.java:3393) ~[na:1.8.0_181]
	at sun.nio.cs.StreamDecoder.readBytes(StreamDecoder.java:284) ~[na:1.8.0_181]
	at sun.nio.cs.StreamDecoder.implRead(StreamDecoder.java:326) ~[na:1.8.0_181]
	at sun.nio.cs.StreamDecoder.read(StreamDecoder.java:178) ~[na:1.8.0_181]
	at java.io.InputStreamReader.read(InputStreamReader.java:184) ~[na:1.8.0_181]
	at java.io.Reader.read(Reader.java:100) ~[na:1.8.0_181]
	at com.google.common.io.CharStreams.copy(CharStreams.java:176) ~[com.google.guava_15.0.0.v201403281430.jar:na]
	at com.google.common.io.CharStreams.toStringBuilder(CharStreams.java:220) ~[com.google.guava_15.0.0.v201403281430.jar:na]
	at com.google.common.io.CharStreams.toString(CharStreams.java:194) ~[com.google.guava_15.0.0.v201403281430.jar:na]
	at com.gradleware.tooling.toolingutils.distribution.PublishedGradleVersions.downloadVersionInformation(PublishedGradleVersions.java:173) [com.gradleware.tooling.utils_0.19.4.v20171108133209.jar:na]
	... 4 common frames omitted
Caused by: java.net.SocketException: Connection reset
	at java.net.SocketInputStream.read(SocketInputStream.java:210) ~[na:1.8.0_181]
	at java.net.SocketInputStream.read(SocketInputStream.java:141) ~[na:1.8.0_181]
	at sun.security.ssl.InputRecord.readFully(InputRecord.java:465) ~[na:1.8.0_181]
	at sun.security.ssl.InputRecord.readV3Record(InputRecord.java:593) ~[na:1.8.0_181]
	at sun.security.ssl.InputRecord.read(InputRecord.java:532) ~[na:1.8.0_181]
	at sun.security.ssl.SSLSocketImpl.readRecord(SSLSocketImpl.java:983) ~[na:1.8.0_181]
	at sun.security.ssl.SSLSocketImpl.readDataRecord(SSLSocketImpl.java:940) ~[na:1.8.0_181]
	at sun.security.ssl.AppInputStream.read(AppInputStream.java:105) ~[na:1.8.0_181]
	... 18 common frames omitted
2018-09-27 06:22:22,485 [Worker-4: Loading available Gradle versions] INFO  c.g.t.t.d.PublishedGradleVersions - Gradle version information cache is not available. Remote download required.
2018-09-27 07:19:06,078 [Worker-5: Loading available Gradle versions] INFO  c.g.t.t.d.PublishedGradleVersions - Gradle version information cache is up-to-date. Trying to read.
